nohup: ignoring input
30 Dec 02:05    INFO General Hyper Parameters: 
gpu_id=0
use_gpu=True
seed=2020
state=INFO
reproducibility=True
data_path=dataset/Amazon_Books

Training Hyper Parameters: 
checkpoint_dir=saved
epochs=500
train_batch_size=1024
learner=adam
learning_rate=0.003
training_neg_sample_num=0
eval_step=1
stopping_step=10

Evaluation Hyper Parameters: 
eval_setting=TO_LS,full
group_by_user=True
leave_one_num=2
real_time_process=True
metrics=['Recall', 'MRR', 'NDCG', 'Hit', 'Precision']
topk=[10]
valid_metric=MRR@10
eval_batch_size=2048

Dataset Hyper Parameters: 
field_separator=	
seq_separator= 
USER_ID_FIELD=user_id
ITEM_ID_FIELD=item_id
RATING_FIELD=rating
TIME_FIELD=timestamp
LABEL_FIELD=label
threshold=None
NEG_PREFIX=neg_
load_col={'inter': ['user_id', 'item_id', 'rating', 'timestamp']}
unload_col=None
additional_feat_suffix=None
max_user_inter_num=None
min_user_inter_num=35
max_item_inter_num=None
min_item_inter_num=10
lowest_val={'rating': 3}
highest_val=None
equal_val=None
not_equal_val=None
drop_filter_field=False
fields_in_same_space=None
fill_nan=True
preload_weight=None
drop_preload_weight=True
normalize_field=None
normalize_all=True
ITEM_LIST_LENGTH_FIELD=item_length
LIST_SUFFIX=_list
MAX_ITEM_LIST_LENGTH=150
POSITION_FIELD=position_id
HEAD_ENTITY_ID_FIELD=head_id
TAIL_ENTITY_ID_FIELD=tail_id
RELATION_ID_FIELD=relation_id
ENTITY_ID_FIELD=entity_id


30 Dec 02:06    INFO Amazon_Books
The number of users: 19214
Average actions of users: 90.24795711237184
The number of items: 60707
Average actions of items: 28.56281092478503
The number of inters: 1733934
The sparsity of the dataset: 99.85134620369507%
Remain Fields: ['user_id', 'item_id', 'rating', 'timestamp']
30 Dec 02:07    INFO Build [ModelType.SEQUENTIAL] DataLoader for [train] with format [InputType.POINTWISE]
30 Dec 02:07    INFO Evaluation Setting:
	Group by user_id
	Ordering: {'strategy': 'by', 'field': ['timestamp'], 'ascending': True}
	Splitting: {'strategy': 'loo', 'leave_one_num': 2}
	No Negative Sampling
30 Dec 02:07    INFO batch_size = [[1024]], shuffle = [True]

30 Dec 02:07    INFO Build [ModelType.SEQUENTIAL] DataLoader for [evaluation] with format [InputType.POINTWISE]
30 Dec 02:07    INFO Evaluation Setting:
	Group by user_id
	Ordering: {'strategy': 'by', 'field': ['timestamp'], 'ascending': True}
	Splitting: {'strategy': 'loo', 'leave_one_num': 2}
	Negative Sampling: {'strategy': 'full', 'distribution': 'uniform'}
30 Dec 02:07    INFO batch_size = [[2048, 2048]], shuffle = [False]

30 Dec 02:07    INFO LightSANs(
  (item_embedding): Embedding(60707, 32, padding_idx=0)
  (position_embedding): Embedding(151, 32)
  (trm_encoder): LightTransformerEncoder(
    (layer): ModuleList(
      (0): LightTransformerLayer(
        (multi_head_attention): LightMultiHeadAttention(
          (query): Linear(in_features=32, out_features=32, bias=True)
          (key): Linear(in_features=32, out_features=32, bias=True)
          (value): Linear(in_features=32, out_features=32, bias=True)
          (attpooling_key): ItemToInterestAggregation()
          (attpooling_value): ItemToInterestAggregation()
          (pos_q_linear): Linear(in_features=32, out_features=32, bias=True)
          (pos_k_linear): Linear(in_features=32, out_features=32, bias=True)
          (pos_ln): LayerNorm((32,), eps=1e-12, elementwise_affine=True)
          (attn_dropout): Dropout(p=0.3, inplace=False)
          (dense): Linear(in_features=32, out_features=32, bias=True)
          (LayerNorm): LayerNorm((32,), eps=1e-12, elementwise_affine=True)
          (out_dropout): Dropout(p=0.3, inplace=False)
          (alpha_w): Linear(in_features=32, out_features=1, bias=True)
        )
        (feed_forward): FeedForward(
          (dense_1): Linear(in_features=32, out_features=256, bias=True)
          (dense_2): Linear(in_features=256, out_features=32, bias=True)
          (LayerNorm): LayerNorm((32,), eps=1e-12, elementwise_affine=True)
          (dropout): Dropout(p=0.3, inplace=False)
        )
      )
      (1): LightTransformerLayer(
        (multi_head_attention): LightMultiHeadAttention(
          (query): Linear(in_features=32, out_features=32, bias=True)
          (key): Linear(in_features=32, out_features=32, bias=True)
          (value): Linear(in_features=32, out_features=32, bias=True)
          (attpooling_key): ItemToInterestAggregation()
          (attpooling_value): ItemToInterestAggregation()
          (pos_q_linear): Linear(in_features=32, out_features=32, bias=True)
          (pos_k_linear): Linear(in_features=32, out_features=32, bias=True)
          (pos_ln): LayerNorm((32,), eps=1e-12, elementwise_affine=True)
          (attn_dropout): Dropout(p=0.3, inplace=False)
          (dense): Linear(in_features=32, out_features=32, bias=True)
          (LayerNorm): LayerNorm((32,), eps=1e-12, elementwise_affine=True)
          (out_dropout): Dropout(p=0.3, inplace=False)
          (alpha_w): Linear(in_features=32, out_features=1, bias=True)
        )
        (feed_forward): FeedForward(
          (dense_1): Linear(in_features=32, out_features=256, bias=True)
          (dense_2): Linear(in_features=256, out_features=32, bias=True)
          (LayerNorm): LayerNorm((32,), eps=1e-12, elementwise_affine=True)
          (dropout): Dropout(p=0.3, inplace=False)
        )
      )
    )
  )
  (LayerNorm): LayerNorm((32,), eps=1e-12, elementwise_affine=True)
  (dropout): Dropout(p=0.3, inplace=False)
  (loss_fct): CrossEntropyLoss()
)
Trainable parameters: 1995266
30 Dec 02:11    INFO epoch 0 training [time: 228.05s, train loss: 15850.2101]
30 Dec 02:11    INFO epoch 0 evaluating [time: 1.41s, valid_score: 0.006200]
30 Dec 02:11    INFO valid result: 
recall@10 : 0.0174    mrr@10 : 0.0062    ndcg@10 : 0.0088    hit@10 : 0.0174    precision@10 : 0.0017    
30 Dec 02:11    INFO Saving current best: saved/LightSANs-Dec-30-2021_02-07-21.pth
30 Dec 02:15    INFO epoch 1 training [time: 229.10s, train loss: 13946.8828]
30 Dec 02:15    INFO epoch 1 evaluating [time: 1.39s, valid_score: 0.012000]
30 Dec 02:15    INFO valid result: 
recall@10 : 0.0360    mrr@10 : 0.0120    ndcg@10 : 0.0175    hit@10 : 0.0360    precision@10 : 0.0036    
30 Dec 02:15    INFO Saving current best: saved/LightSANs-Dec-30-2021_02-07-21.pth
30 Dec 02:18    INFO epoch 2 training [time: 227.86s, train loss: 13333.2539]
30 Dec 02:18    INFO epoch 2 evaluating [time: 1.38s, valid_score: 0.015600]
30 Dec 02:18    INFO valid result: 
recall@10 : 0.0454    mrr@10 : 0.0156    ndcg@10 : 0.0225    hit@10 : 0.0454    precision@10 : 0.0045    
30 Dec 02:18    INFO Saving current best: saved/LightSANs-Dec-30-2021_02-07-21.pth
30 Dec 02:22    INFO epoch 3 training [time: 228.03s, train loss: 13009.2464]
30 Dec 02:22    INFO epoch 3 evaluating [time: 1.39s, valid_score: 0.018300]
30 Dec 02:22    INFO valid result: 
recall@10 : 0.0550    mrr@10 : 0.0183    ndcg@10 : 0.0268    hit@10 : 0.0550    precision@10 : 0.0055    
30 Dec 02:22    INFO Saving current best: saved/LightSANs-Dec-30-2021_02-07-21.pth
30 Dec 02:26    INFO epoch 4 training [time: 226.69s, train loss: 12794.9037]
30 Dec 02:26    INFO epoch 4 evaluating [time: 1.39s, valid_score: 0.020500]
30 Dec 02:26    INFO valid result: 
recall@10 : 0.0625    mrr@10 : 0.0205    ndcg@10 : 0.0302    hit@10 : 0.0625    precision@10 : 0.0063    
30 Dec 02:26    INFO Saving current best: saved/LightSANs-Dec-30-2021_02-07-21.pth
30 Dec 02:30    INFO epoch 5 training [time: 227.72s, train loss: 12644.0941]
30 Dec 02:30    INFO epoch 5 evaluating [time: 1.38s, valid_score: 0.025700]
30 Dec 02:30    INFO valid result: 
recall@10 : 0.0744    mrr@10 : 0.0257    ndcg@10 : 0.0370    hit@10 : 0.0744    precision@10 : 0.0074    
30 Dec 02:30    INFO Saving current best: saved/LightSANs-Dec-30-2021_02-07-21.pth
30 Dec 02:34    INFO epoch 6 training [time: 227.71s, train loss: 12530.2909]
30 Dec 02:34    INFO epoch 6 evaluating [time: 1.38s, valid_score: 0.023200]
30 Dec 02:34    INFO valid result: 
recall@10 : 0.0696    mrr@10 : 0.0232    ndcg@10 : 0.0339    hit@10 : 0.0696    precision@10 : 0.0070    
30 Dec 02:37    INFO epoch 7 training [time: 230.02s, train loss: 12443.8324]
30 Dec 02:38    INFO epoch 7 evaluating [time: 1.62s, valid_score: 0.024900]
30 Dec 02:38    INFO valid result: 
recall@10 : 0.0738    mrr@10 : 0.0249    ndcg@10 : 0.0362    hit@10 : 0.0738    precision@10 : 0.0074    
30 Dec 02:41    INFO epoch 8 training [time: 233.13s, train loss: 12370.3423]
30 Dec 02:41    INFO epoch 8 evaluating [time: 1.40s, valid_score: 0.024800]
30 Dec 02:41    INFO valid result: 
recall@10 : 0.0713    mrr@10 : 0.0248    ndcg@10 : 0.0356    hit@10 : 0.0713    precision@10 : 0.0071    
30 Dec 02:45    INFO epoch 9 training [time: 231.69s, train loss: 12312.0275]
30 Dec 02:45    INFO epoch 9 evaluating [time: 1.40s, valid_score: 0.024100]
30 Dec 02:45    INFO valid result: 
recall@10 : 0.0734    mrr@10 : 0.0241    ndcg@10 : 0.0355    hit@10 : 0.0734    precision@10 : 0.0073    
30 Dec 02:49    INFO epoch 10 training [time: 231.94s, train loss: 12262.3451]
30 Dec 02:49    INFO epoch 10 evaluating [time: 1.40s, valid_score: 0.027500]
30 Dec 02:49    INFO valid result: 
recall@10 : 0.0803    mrr@10 : 0.0275    ndcg@10 : 0.0397    hit@10 : 0.0803    precision@10 : 0.0080    
30 Dec 02:49    INFO Saving current best: saved/LightSANs-Dec-30-2021_02-07-21.pth
30 Dec 02:53    INFO epoch 11 training [time: 231.13s, train loss: 12221.9371]
30 Dec 02:53    INFO epoch 11 evaluating [time: 1.39s, valid_score: 0.027300]
30 Dec 02:53    INFO valid result: 
recall@10 : 0.0796    mrr@10 : 0.0273    ndcg@10 : 0.0395    hit@10 : 0.0796    precision@10 : 0.0080    
30 Dec 02:57    INFO epoch 12 training [time: 234.20s, train loss: 12183.6979]
30 Dec 02:57    INFO epoch 12 evaluating [time: 1.46s, valid_score: 0.029800]
30 Dec 02:57    INFO valid result: 
recall@10 : 0.0880    mrr@10 : 0.0298    ndcg@10 : 0.0433    hit@10 : 0.0880    precision@10 : 0.0088    
30 Dec 02:57    INFO Saving current best: saved/LightSANs-Dec-30-2021_02-07-21.pth
30 Dec 03:01    INFO epoch 13 training [time: 243.43s, train loss: 12155.5573]
30 Dec 03:01    INFO epoch 13 evaluating [time: 1.51s, valid_score: 0.028600]
30 Dec 03:01    INFO valid result: 
recall@10 : 0.0835    mrr@10 : 0.0286    ndcg@10 : 0.0414    hit@10 : 0.0835    precision@10 : 0.0083    
30 Dec 03:05    INFO epoch 14 training [time: 242.98s, train loss: 12125.5164]
30 Dec 03:05    INFO epoch 14 evaluating [time: 1.46s, valid_score: 0.028700]
30 Dec 03:05    INFO valid result: 
recall@10 : 0.0849    mrr@10 : 0.0287    ndcg@10 : 0.0417    hit@10 : 0.0849    precision@10 : 0.0085    
30 Dec 03:09    INFO epoch 15 training [time: 243.10s, train loss: 12102.3994]
30 Dec 03:09    INFO epoch 15 evaluating [time: 1.42s, valid_score: 0.028500]
30 Dec 03:09    INFO valid result: 
recall@10 : 0.0849    mrr@10 : 0.0285    ndcg@10 : 0.0416    hit@10 : 0.0849    precision@10 : 0.0085    
30 Dec 03:13    INFO epoch 16 training [time: 238.64s, train loss: 12080.1069]
30 Dec 03:13    INFO epoch 16 evaluating [time: 1.59s, valid_score: 0.029000]
30 Dec 03:13    INFO valid result: 
recall@10 : 0.0868    mrr@10 : 0.0290    ndcg@10 : 0.0423    hit@10 : 0.0868    precision@10 : 0.0087    
30 Dec 03:17    INFO epoch 17 training [time: 239.96s, train loss: 12060.4163]
30 Dec 03:17    INFO epoch 17 evaluating [time: 1.49s, valid_score: 0.028600]
30 Dec 03:17    INFO valid result: 
recall@10 : 0.0858    mrr@10 : 0.0286    ndcg@10 : 0.0419    hit@10 : 0.0858    precision@10 : 0.0086    
30 Dec 03:21    INFO epoch 18 training [time: 239.01s, train loss: 12040.9821]
30 Dec 03:21    INFO epoch 18 evaluating [time: 1.44s, valid_score: 0.030200]
30 Dec 03:21    INFO valid result: 
recall@10 : 0.0890    mrr@10 : 0.0302    ndcg@10 : 0.0438    hit@10 : 0.0890    precision@10 : 0.0089    
30 Dec 03:21    INFO Saving current best: saved/LightSANs-Dec-30-2021_02-07-21.pth
30 Dec 03:25    INFO epoch 19 training [time: 240.03s, train loss: 12023.1513]
30 Dec 03:25    INFO epoch 19 evaluating [time: 1.41s, valid_score: 0.029600]
30 Dec 03:25    INFO valid result: 
recall@10 : 0.0873    mrr@10 : 0.0296    ndcg@10 : 0.0430    hit@10 : 0.0873    precision@10 : 0.0087    
30 Dec 03:29    INFO epoch 20 training [time: 238.93s, train loss: 12005.5465]
30 Dec 03:29    INFO epoch 20 evaluating [time: 1.47s, valid_score: 0.031700]
30 Dec 03:29    INFO valid result: 
recall@10 : 0.0931    mrr@10 : 0.0317    ndcg@10 : 0.0459    hit@10 : 0.0931    precision@10 : 0.0093    
30 Dec 03:29    INFO Saving current best: saved/LightSANs-Dec-30-2021_02-07-21.pth
30 Dec 03:33    INFO epoch 21 training [time: 239.12s, train loss: 11991.3656]
30 Dec 03:33    INFO epoch 21 evaluating [time: 1.41s, valid_score: 0.031100]
30 Dec 03:33    INFO valid result: 
recall@10 : 0.0922    mrr@10 : 0.0311    ndcg@10 : 0.0453    hit@10 : 0.0922    precision@10 : 0.0092    
30 Dec 03:37    INFO epoch 22 training [time: 238.21s, train loss: 11976.6869]
30 Dec 03:37    INFO epoch 22 evaluating [time: 1.46s, valid_score: 0.029700]
30 Dec 03:37    INFO valid result: 
recall@10 : 0.0896    mrr@10 : 0.0297    ndcg@10 : 0.0436    hit@10 : 0.0896    precision@10 : 0.0090    
30 Dec 03:41    INFO epoch 23 training [time: 239.50s, train loss: 11963.4655]
30 Dec 03:41    INFO epoch 23 evaluating [time: 1.39s, valid_score: 0.031100]
30 Dec 03:41    INFO valid result: 
recall@10 : 0.0927    mrr@10 : 0.0311    ndcg@10 : 0.0454    hit@10 : 0.0927    precision@10 : 0.0093    
30 Dec 03:45    INFO epoch 24 training [time: 238.03s, train loss: 11952.8176]
30 Dec 03:45    INFO epoch 24 evaluating [time: 1.38s, valid_score: 0.029800]
30 Dec 03:45    INFO valid result: 
recall@10 : 0.0903    mrr@10 : 0.0298    ndcg@10 : 0.0438    hit@10 : 0.0903    precision@10 : 0.0090    
30 Dec 03:49    INFO epoch 25 training [time: 226.02s, train loss: 11940.8672]
30 Dec 03:49    INFO epoch 25 evaluating [time: 1.40s, valid_score: 0.031000]
30 Dec 03:49    INFO valid result: 
recall@10 : 0.0913    mrr@10 : 0.0310    ndcg@10 : 0.0450    hit@10 : 0.0913    precision@10 : 0.0091    
30 Dec 03:53    INFO epoch 26 training [time: 226.39s, train loss: 11933.3941]
30 Dec 03:53    INFO epoch 26 evaluating [time: 1.39s, valid_score: 0.029300]
30 Dec 03:53    INFO valid result: 
recall@10 : 0.0897    mrr@10 : 0.0293    ndcg@10 : 0.0433    hit@10 : 0.0897    precision@10 : 0.0090    
30 Dec 03:57    INFO epoch 27 training [time: 226.14s, train loss: 11925.3199]
30 Dec 03:57    INFO epoch 27 evaluating [time: 1.39s, valid_score: 0.031900]
30 Dec 03:57    INFO valid result: 
recall@10 : 0.0932    mrr@10 : 0.0319    ndcg@10 : 0.0461    hit@10 : 0.0932    precision@10 : 0.0093    
30 Dec 03:57    INFO Saving current best: saved/LightSANs-Dec-30-2021_02-07-21.pth
30 Dec 04:00    INFO epoch 28 training [time: 226.59s, train loss: 11914.4741]
30 Dec 04:01    INFO epoch 28 evaluating [time: 1.40s, valid_score: 0.031000]
30 Dec 04:01    INFO valid result: 
recall@10 : 0.0926    mrr@10 : 0.0310    ndcg@10 : 0.0454    hit@10 : 0.0926    precision@10 : 0.0093    
30 Dec 04:04    INFO epoch 29 training [time: 227.16s, train loss: 11903.9248]
30 Dec 04:04    INFO epoch 29 evaluating [time: 1.40s, valid_score: 0.031400]
30 Dec 04:04    INFO valid result: 
recall@10 : 0.0936    mrr@10 : 0.0314    ndcg@10 : 0.0458    hit@10 : 0.0936    precision@10 : 0.0094    
30 Dec 04:08    INFO epoch 30 training [time: 226.63s, train loss: 11892.9378]
30 Dec 04:08    INFO epoch 30 evaluating [time: 1.39s, valid_score: 0.032400]
30 Dec 04:08    INFO valid result: 
recall@10 : 0.0965    mrr@10 : 0.0324    ndcg@10 : 0.0473    hit@10 : 0.0965    precision@10 : 0.0097    
30 Dec 04:08    INFO Saving current best: saved/LightSANs-Dec-30-2021_02-07-21.pth
30 Dec 04:12    INFO epoch 31 training [time: 225.89s, train loss: 11885.2680]
30 Dec 04:12    INFO epoch 31 evaluating [time: 1.59s, valid_score: 0.031000]
30 Dec 04:12    INFO valid result: 
recall@10 : 0.0921    mrr@10 : 0.0310    ndcg@10 : 0.0452    hit@10 : 0.0921    precision@10 : 0.0092    
30 Dec 04:16    INFO epoch 32 training [time: 226.62s, train loss: 11878.8769]
30 Dec 04:16    INFO epoch 32 evaluating [time: 1.38s, valid_score: 0.031600]
30 Dec 04:16    INFO valid result: 
recall@10 : 0.0942    mrr@10 : 0.0316    ndcg@10 : 0.0461    hit@10 : 0.0942    precision@10 : 0.0094    
30 Dec 04:19    INFO epoch 33 training [time: 226.32s, train loss: 11873.3161]
30 Dec 04:20    INFO epoch 33 evaluating [time: 1.40s, valid_score: 0.030300]
30 Dec 04:20    INFO valid result: 
recall@10 : 0.0921    mrr@10 : 0.0303    ndcg@10 : 0.0446    hit@10 : 0.0921    precision@10 : 0.0092    
30 Dec 04:23    INFO epoch 34 training [time: 225.96s, train loss: 11861.7992]
30 Dec 04:23    INFO epoch 34 evaluating [time: 1.39s, valid_score: 0.031900]
30 Dec 04:23    INFO valid result: 
recall@10 : 0.0924    mrr@10 : 0.0319    ndcg@10 : 0.0460    hit@10 : 0.0924    precision@10 : 0.0092    
30 Dec 04:27    INFO epoch 35 training [time: 225.69s, train loss: 11857.2624]
30 Dec 04:27    INFO epoch 35 evaluating [time: 1.38s, valid_score: 0.028900]
30 Dec 04:27    INFO valid result: 
recall@10 : 0.0875    mrr@10 : 0.0289    ndcg@10 : 0.0425    hit@10 : 0.0875    precision@10 : 0.0088    
30 Dec 04:31    INFO epoch 36 training [time: 226.72s, train loss: 11849.6800]
30 Dec 04:31    INFO epoch 36 evaluating [time: 1.40s, valid_score: 0.031200]
30 Dec 04:31    INFO valid result: 
recall@10 : 0.0924    mrr@10 : 0.0312    ndcg@10 : 0.0454    hit@10 : 0.0924    precision@10 : 0.0092    
30 Dec 04:35    INFO epoch 37 training [time: 226.74s, train loss: 11843.1172]
30 Dec 04:35    INFO epoch 37 evaluating [time: 1.39s, valid_score: 0.032200]
30 Dec 04:35    INFO valid result: 
recall@10 : 0.0973    mrr@10 : 0.0322    ndcg@10 : 0.0473    hit@10 : 0.0973    precision@10 : 0.0097    
30 Dec 04:38    INFO epoch 38 training [time: 226.55s, train loss: 11840.0101]
30 Dec 04:38    INFO epoch 38 evaluating [time: 1.40s, valid_score: 0.033000]
30 Dec 04:38    INFO valid result: 
recall@10 : 0.1000    mrr@10 : 0.0330    ndcg@10 : 0.0485    hit@10 : 0.1000    precision@10 : 0.0100    
30 Dec 04:39    INFO Saving current best: saved/LightSANs-Dec-30-2021_02-07-21.pth
30 Dec 04:42    INFO epoch 39 training [time: 225.71s, train loss: 11832.1586]
30 Dec 04:42    INFO epoch 39 evaluating [time: 1.40s, valid_score: 0.033000]
30 Dec 04:42    INFO valid result: 
recall@10 : 0.0980    mrr@10 : 0.0330    ndcg@10 : 0.0480    hit@10 : 0.0980    precision@10 : 0.0098    
30 Dec 04:46    INFO epoch 40 training [time: 226.65s, train loss: 11827.5939]
30 Dec 04:46    INFO epoch 40 evaluating [time: 1.39s, valid_score: 0.032200]
30 Dec 04:46    INFO valid result: 
recall@10 : 0.0949    mrr@10 : 0.0322    ndcg@10 : 0.0467    hit@10 : 0.0949    precision@10 : 0.0095    
30 Dec 04:50    INFO epoch 41 training [time: 226.42s, train loss: 11819.5630]
30 Dec 04:50    INFO epoch 41 evaluating [time: 1.39s, valid_score: 0.031400]
30 Dec 04:50    INFO valid result: 
recall@10 : 0.0951    mrr@10 : 0.0314    ndcg@10 : 0.0461    hit@10 : 0.0951    precision@10 : 0.0095    
30 Dec 04:54    INFO epoch 42 training [time: 227.05s, train loss: 11819.5695]
30 Dec 04:54    INFO epoch 42 evaluating [time: 1.40s, valid_score: 0.031400]
30 Dec 04:54    INFO valid result: 
recall@10 : 0.0934    mrr@10 : 0.0314    ndcg@10 : 0.0458    hit@10 : 0.0934    precision@10 : 0.0093    
30 Dec 04:57    INFO epoch 43 training [time: 226.15s, train loss: 11809.7467]
30 Dec 04:57    INFO epoch 43 evaluating [time: 1.39s, valid_score: 0.032200]
30 Dec 04:57    INFO valid result: 
recall@10 : 0.0950    mrr@10 : 0.0322    ndcg@10 : 0.0467    hit@10 : 0.0950    precision@10 : 0.0095    
30 Dec 05:01    INFO epoch 44 training [time: 225.56s, train loss: 11806.1799]
30 Dec 05:01    INFO epoch 44 evaluating [time: 1.38s, valid_score: 0.031400]
30 Dec 05:01    INFO valid result: 
recall@10 : 0.0958    mrr@10 : 0.0314    ndcg@10 : 0.0464    hit@10 : 0.0958    precision@10 : 0.0096    
30 Dec 05:05    INFO epoch 45 training [time: 225.90s, train loss: 11800.2807]
30 Dec 05:05    INFO epoch 45 evaluating [time: 1.39s, valid_score: 0.032000]
30 Dec 05:05    INFO valid result: 
recall@10 : 0.0957    mrr@10 : 0.0320    ndcg@10 : 0.0468    hit@10 : 0.0957    precision@10 : 0.0096    
30 Dec 05:09    INFO epoch 46 training [time: 226.34s, train loss: 11795.8872]
30 Dec 05:09    INFO epoch 46 evaluating [time: 1.38s, valid_score: 0.033300]
30 Dec 05:09    INFO valid result: 
recall@10 : 0.0961    mrr@10 : 0.0333    ndcg@10 : 0.0479    hit@10 : 0.0961    precision@10 : 0.0096    
30 Dec 05:09    INFO Saving current best: saved/LightSANs-Dec-30-2021_02-07-21.pth
30 Dec 05:13    INFO epoch 47 training [time: 226.03s, train loss: 11792.3558]
30 Dec 05:13    INFO epoch 47 evaluating [time: 1.40s, valid_score: 0.031400]
30 Dec 05:13    INFO valid result: 
recall@10 : 0.0972    mrr@10 : 0.0314    ndcg@10 : 0.0467    hit@10 : 0.0972    precision@10 : 0.0097    
30 Dec 05:16    INFO epoch 48 training [time: 226.26s, train loss: 11788.3085]
30 Dec 05:16    INFO epoch 48 evaluating [time: 1.38s, valid_score: 0.031600]
30 Dec 05:16    INFO valid result: 
recall@10 : 0.0940    mrr@10 : 0.0316    ndcg@10 : 0.0461    hit@10 : 0.0940    precision@10 : 0.0094    
30 Dec 05:20    INFO epoch 49 training [time: 226.17s, train loss: 11783.0914]
30 Dec 05:20    INFO epoch 49 evaluating [time: 1.40s, valid_score: 0.032300]
30 Dec 05:20    INFO valid result: 
recall@10 : 0.0980    mrr@10 : 0.0323    ndcg@10 : 0.0476    hit@10 : 0.0980    precision@10 : 0.0098    
30 Dec 05:24    INFO epoch 50 training [time: 226.66s, train loss: 11781.1233]
30 Dec 05:24    INFO epoch 50 evaluating [time: 1.39s, valid_score: 0.033300]
30 Dec 05:24    INFO valid result: 
recall@10 : 0.1006    mrr@10 : 0.0333    ndcg@10 : 0.0489    hit@10 : 0.1006    precision@10 : 0.0101    
30 Dec 05:28    INFO epoch 51 training [time: 225.84s, train loss: 11777.6238]
30 Dec 05:28    INFO epoch 51 evaluating [time: 1.38s, valid_score: 0.031700]
30 Dec 05:28    INFO valid result: 
recall@10 : 0.0958    mrr@10 : 0.0317    ndcg@10 : 0.0466    hit@10 : 0.0958    precision@10 : 0.0096    
30 Dec 05:32    INFO epoch 52 training [time: 225.97s, train loss: 11771.4665]
30 Dec 05:32    INFO epoch 52 evaluating [time: 1.38s, valid_score: 0.032400]
30 Dec 05:32    INFO valid result: 
recall@10 : 0.0988    mrr@10 : 0.0324    ndcg@10 : 0.0478    hit@10 : 0.0988    precision@10 : 0.0099    
30 Dec 05:35    INFO epoch 53 training [time: 226.56s, train loss: 11771.9329]
30 Dec 05:35    INFO epoch 53 evaluating [time: 1.39s, valid_score: 0.033600]
30 Dec 05:35    INFO valid result: 
recall@10 : 0.1003    mrr@10 : 0.0336    ndcg@10 : 0.0490    hit@10 : 0.1003    precision@10 : 0.0100    
30 Dec 05:35    INFO Saving current best: saved/LightSANs-Dec-30-2021_02-07-21.pth
30 Dec 05:39    INFO epoch 54 training [time: 226.69s, train loss: 11771.4043]
30 Dec 05:39    INFO epoch 54 evaluating [time: 1.38s, valid_score: 0.033000]
30 Dec 05:39    INFO valid result: 
recall@10 : 0.0969    mrr@10 : 0.0330    ndcg@10 : 0.0479    hit@10 : 0.0969    precision@10 : 0.0097    
30 Dec 05:43    INFO epoch 55 training [time: 226.24s, train loss: 11764.6535]
30 Dec 05:43    INFO epoch 55 evaluating [time: 1.58s, valid_score: 0.032800]
30 Dec 05:43    INFO valid result: 
recall@10 : 0.0995    mrr@10 : 0.0328    ndcg@10 : 0.0483    hit@10 : 0.0995    precision@10 : 0.0100    
30 Dec 05:47    INFO epoch 56 training [time: 226.76s, train loss: 11762.6498]
30 Dec 05:47    INFO epoch 56 evaluating [time: 1.39s, valid_score: 0.032900]
30 Dec 05:47    INFO valid result: 
recall@10 : 0.0980    mrr@10 : 0.0329    ndcg@10 : 0.0480    hit@10 : 0.0980    precision@10 : 0.0098    
30 Dec 05:51    INFO epoch 57 training [time: 226.62s, train loss: 11760.0338]
30 Dec 05:51    INFO epoch 57 evaluating [time: 1.39s, valid_score: 0.031400]
30 Dec 05:51    INFO valid result: 
recall@10 : 0.0955    mrr@10 : 0.0314    ndcg@10 : 0.0462    hit@10 : 0.0955    precision@10 : 0.0095    
30 Dec 05:54    INFO epoch 58 training [time: 226.33s, train loss: 11756.8237]
30 Dec 05:54    INFO epoch 58 evaluating [time: 1.39s, valid_score: 0.032400]
30 Dec 05:54    INFO valid result: 
recall@10 : 0.0977    mrr@10 : 0.0324    ndcg@10 : 0.0476    hit@10 : 0.0977    precision@10 : 0.0098    
30 Dec 05:58    INFO epoch 59 training [time: 226.94s, train loss: 11753.6428]
30 Dec 05:58    INFO epoch 59 evaluating [time: 1.38s, valid_score: 0.032700]
30 Dec 05:58    INFO valid result: 
recall@10 : 0.0990    mrr@10 : 0.0327    ndcg@10 : 0.0481    hit@10 : 0.0990    precision@10 : 0.0099    
30 Dec 06:02    INFO epoch 60 training [time: 226.63s, train loss: 11750.4237]
30 Dec 06:02    INFO epoch 60 evaluating [time: 1.39s, valid_score: 0.032500]
30 Dec 06:02    INFO valid result: 
recall@10 : 0.0975    mrr@10 : 0.0325    ndcg@10 : 0.0476    hit@10 : 0.0975    precision@10 : 0.0097    
30 Dec 06:06    INFO epoch 61 training [time: 227.08s, train loss: 11748.9878]
30 Dec 06:06    INFO epoch 61 evaluating [time: 1.39s, valid_score: 0.033100]
30 Dec 06:06    INFO valid result: 
recall@10 : 0.0998    mrr@10 : 0.0331    ndcg@10 : 0.0486    hit@10 : 0.0998    precision@10 : 0.0100    
30 Dec 06:10    INFO epoch 62 training [time: 226.92s, train loss: 11752.5845]
30 Dec 06:10    INFO epoch 62 evaluating [time: 1.39s, valid_score: 0.032200]
30 Dec 06:10    INFO valid result: 
recall@10 : 0.0977    mrr@10 : 0.0322    ndcg@10 : 0.0474    hit@10 : 0.0977    precision@10 : 0.0098    
30 Dec 06:13    INFO epoch 63 training [time: 227.07s, train loss: 11744.5297]
30 Dec 06:13    INFO epoch 63 evaluating [time: 1.39s, valid_score: 0.031100]
30 Dec 06:13    INFO valid result: 
recall@10 : 0.0962    mrr@10 : 0.0311    ndcg@10 : 0.0462    hit@10 : 0.0962    precision@10 : 0.0096    
30 Dec 06:17    INFO epoch 64 training [time: 227.06s, train loss: 11739.7286]
30 Dec 06:17    INFO epoch 64 evaluating [time: 1.39s, valid_score: 0.032200]
30 Dec 06:17    INFO valid result: 
recall@10 : 0.0975    mrr@10 : 0.0322    ndcg@10 : 0.0474    hit@10 : 0.0975    precision@10 : 0.0097    
30 Dec 06:17    INFO Finished training, best eval result in epoch 53
30 Dec 06:17    INFO Loading model structure and parameters from saved/LightSANs-Dec-30-2021_02-07-21.pth
30 Dec 06:17    INFO best valid result: {'recall@10': 0.1003, 'mrr@10': 0.0336, 'ndcg@10': 0.049, 'hit@10': 0.1003, 'precision@10': 0.01}
30 Dec 06:17    INFO test result: {'recall@10': 0.0822, 'mrr@10': 0.0271, 'ndcg@10': 0.0399, 'hit@10': 0.0822, 'precision@10': 0.0082}
30 Dec 06:17    INFO total training and evaluating time: 15024.632939338684
30 Dec 06:17    INFO avg time of training an epoch: 229.6188826377575
30 Dec 06:17    INFO inference time: 1.3820452690124512
