nohup: ignoring input
30 Dec 12:54    INFO General Hyper Parameters: 
gpu_id=0
use_gpu=True
seed=2020
state=INFO
reproducibility=True
data_path=dataset/Amazon_Books

Training Hyper Parameters: 
checkpoint_dir=saved
epochs=500
train_batch_size=1024
learner=adam
learning_rate=0.003
training_neg_sample_num=0
eval_step=1
stopping_step=10

Evaluation Hyper Parameters: 
eval_setting=TO_LS,full
group_by_user=True
leave_one_num=2
real_time_process=True
metrics=['Recall', 'MRR', 'NDCG', 'Hit', 'Precision']
topk=[10]
valid_metric=MRR@10
eval_batch_size=2048

Dataset Hyper Parameters: 
field_separator=	
seq_separator= 
USER_ID_FIELD=user_id
ITEM_ID_FIELD=item_id
RATING_FIELD=rating
TIME_FIELD=timestamp
LABEL_FIELD=label
threshold=None
NEG_PREFIX=neg_
load_col={'inter': ['user_id', 'item_id', 'rating', 'timestamp']}
unload_col=None
additional_feat_suffix=None
max_user_inter_num=None
min_user_inter_num=35
max_item_inter_num=None
min_item_inter_num=10
lowest_val={'rating': 3}
highest_val=None
equal_val=None
not_equal_val=None
drop_filter_field=False
fields_in_same_space=None
fill_nan=True
preload_weight=None
drop_preload_weight=True
normalize_field=None
normalize_all=True
ITEM_LIST_LENGTH_FIELD=item_length
LIST_SUFFIX=_list
MAX_ITEM_LIST_LENGTH=150
POSITION_FIELD=position_id
HEAD_ENTITY_ID_FIELD=head_id
TAIL_ENTITY_ID_FIELD=tail_id
RELATION_ID_FIELD=relation_id
ENTITY_ID_FIELD=entity_id


30 Dec 12:56    INFO Amazon_Books
The number of users: 19214
Average actions of users: 90.24795711237184
The number of items: 60707
Average actions of items: 28.56281092478503
The number of inters: 1733934
The sparsity of the dataset: 99.85134620369507%
Remain Fields: ['user_id', 'item_id', 'rating', 'timestamp']
30 Dec 12:56    INFO Build [ModelType.SEQUENTIAL] DataLoader for [train] with format [InputType.POINTWISE]
30 Dec 12:56    INFO Evaluation Setting:
	Group by user_id
	Ordering: {'strategy': 'by', 'field': ['timestamp'], 'ascending': True}
	Splitting: {'strategy': 'loo', 'leave_one_num': 2}
	No Negative Sampling
30 Dec 12:56    INFO batch_size = [[1024]], shuffle = [True]

30 Dec 12:56    INFO Build [ModelType.SEQUENTIAL] DataLoader for [evaluation] with format [InputType.POINTWISE]
30 Dec 12:56    INFO Evaluation Setting:
	Group by user_id
	Ordering: {'strategy': 'by', 'field': ['timestamp'], 'ascending': True}
	Splitting: {'strategy': 'loo', 'leave_one_num': 2}
	Negative Sampling: {'strategy': 'full', 'distribution': 'uniform'}
30 Dec 12:56    INFO batch_size = [[2048, 2048]], shuffle = [False]

30 Dec 12:56    INFO LightSANs(
  (item_embedding): Embedding(60707, 32, padding_idx=0)
  (position_embedding): Embedding(151, 32)
  (trm_encoder): LightTransformerEncoder(
    (layer): ModuleList(
      (0): LightTransformerLayer(
        (multi_head_attention): LightMultiHeadAttention(
          (query): Linear(in_features=32, out_features=32, bias=True)
          (key): Linear(in_features=32, out_features=32, bias=True)
          (value): Linear(in_features=32, out_features=32, bias=True)
          (attpooling_key): ItemToInterestAggregation()
          (attpooling_value): ItemToInterestAggregation()
          (pos_q_linear): Linear(in_features=32, out_features=32, bias=True)
          (pos_k_linear): Linear(in_features=32, out_features=32, bias=True)
          (pos_ln): LayerNorm((32,), eps=1e-08, elementwise_affine=True)
          (attn_dropout): Dropout(p=0.3, inplace=False)
          (dense): Linear(in_features=32, out_features=32, bias=True)
          (LayerNorm): LayerNorm((32,), eps=1e-08, elementwise_affine=True)
          (out_dropout): Dropout(p=0.3, inplace=False)
          (alpha_w): Linear(in_features=32, out_features=1, bias=True)
        )
        (feed_forward): FeedForward(
          (dense_1): Linear(in_features=32, out_features=256, bias=True)
          (dense_2): Linear(in_features=256, out_features=32, bias=True)
          (LayerNorm): LayerNorm((32,), eps=1e-08, elementwise_affine=True)
          (dropout): Dropout(p=0.3, inplace=False)
        )
      )
      (1): LightTransformerLayer(
        (multi_head_attention): LightMultiHeadAttention(
          (query): Linear(in_features=32, out_features=32, bias=True)
          (key): Linear(in_features=32, out_features=32, bias=True)
          (value): Linear(in_features=32, out_features=32, bias=True)
          (attpooling_key): ItemToInterestAggregation()
          (attpooling_value): ItemToInterestAggregation()
          (pos_q_linear): Linear(in_features=32, out_features=32, bias=True)
          (pos_k_linear): Linear(in_features=32, out_features=32, bias=True)
          (pos_ln): LayerNorm((32,), eps=1e-08, elementwise_affine=True)
          (attn_dropout): Dropout(p=0.3, inplace=False)
          (dense): Linear(in_features=32, out_features=32, bias=True)
          (LayerNorm): LayerNorm((32,), eps=1e-08, elementwise_affine=True)
          (out_dropout): Dropout(p=0.3, inplace=False)
          (alpha_w): Linear(in_features=32, out_features=1, bias=True)
        )
        (feed_forward): FeedForward(
          (dense_1): Linear(in_features=32, out_features=256, bias=True)
          (dense_2): Linear(in_features=256, out_features=32, bias=True)
          (LayerNorm): LayerNorm((32,), eps=1e-08, elementwise_affine=True)
          (dropout): Dropout(p=0.3, inplace=False)
        )
      )
    )
  )
  (LayerNorm): LayerNorm((32,), eps=1e-08, elementwise_affine=True)
  (dropout): Dropout(p=0.3, inplace=False)
  (loss_fct): CrossEntropyLoss()
)
Trainable parameters: 1997186
30 Dec 13:01    INFO epoch 0 training [time: 276.84s, train loss: 16124.1252]
30 Dec 13:01    INFO epoch 0 evaluating [time: 1.93s, valid_score: 0.005600]
30 Dec 13:01    INFO valid result: 
recall@10 : 0.0167    mrr@10 : 0.0056    ndcg@10 : 0.0081    hit@10 : 0.0167    precision@10 : 0.0017    
30 Dec 13:01    INFO Saving current best: saved/LightSANs-Dec-30-2021_12-56-44.pth
30 Dec 13:06    INFO epoch 1 training [time: 276.93s, train loss: 14136.7440]
30 Dec 13:06    INFO epoch 1 evaluating [time: 1.91s, valid_score: 0.011600]
30 Dec 13:06    INFO valid result: 
recall@10 : 0.0353    mrr@10 : 0.0116    ndcg@10 : 0.0170    hit@10 : 0.0353    precision@10 : 0.0035    
30 Dec 13:06    INFO Saving current best: saved/LightSANs-Dec-30-2021_12-56-44.pth
30 Dec 13:10    INFO epoch 2 training [time: 276.57s, train loss: 13445.6588]
30 Dec 13:10    INFO epoch 2 evaluating [time: 1.90s, valid_score: 0.014600]
30 Dec 13:10    INFO valid result: 
recall@10 : 0.0434    mrr@10 : 0.0146    ndcg@10 : 0.0213    hit@10 : 0.0434    precision@10 : 0.0043    
30 Dec 13:10    INFO Saving current best: saved/LightSANs-Dec-30-2021_12-56-44.pth
30 Dec 13:15    INFO epoch 3 training [time: 277.26s, train loss: 13059.2601]
30 Dec 13:15    INFO epoch 3 evaluating [time: 1.91s, valid_score: 0.017300]
30 Dec 13:15    INFO valid result: 
recall@10 : 0.0516    mrr@10 : 0.0173    ndcg@10 : 0.0252    hit@10 : 0.0516    precision@10 : 0.0052    
30 Dec 13:15    INFO Saving current best: saved/LightSANs-Dec-30-2021_12-56-44.pth
30 Dec 13:19    INFO epoch 4 training [time: 277.08s, train loss: 12822.5955]
30 Dec 13:20    INFO epoch 4 evaluating [time: 1.91s, valid_score: 0.019800]
30 Dec 13:20    INFO valid result: 
recall@10 : 0.0588    mrr@10 : 0.0198    ndcg@10 : 0.0288    hit@10 : 0.0588    precision@10 : 0.0059    
30 Dec 13:20    INFO Saving current best: saved/LightSANs-Dec-30-2021_12-56-44.pth
30 Dec 13:24    INFO epoch 5 training [time: 277.55s, train loss: 12661.7421]
30 Dec 13:24    INFO epoch 5 evaluating [time: 1.91s, valid_score: 0.024000]
30 Dec 13:24    INFO valid result: 
recall@10 : 0.0715    mrr@10 : 0.0240    ndcg@10 : 0.0350    hit@10 : 0.0715    precision@10 : 0.0072    
30 Dec 13:24    INFO Saving current best: saved/LightSANs-Dec-30-2021_12-56-44.pth
30 Dec 13:29    INFO epoch 6 training [time: 277.28s, train loss: 12541.6479]
30 Dec 13:29    INFO epoch 6 evaluating [time: 1.91s, valid_score: 0.025200]
30 Dec 13:29    INFO valid result: 
recall@10 : 0.0747    mrr@10 : 0.0252    ndcg@10 : 0.0367    hit@10 : 0.0747    precision@10 : 0.0075    
30 Dec 13:29    INFO Saving current best: saved/LightSANs-Dec-30-2021_12-56-44.pth
30 Dec 13:33    INFO epoch 7 training [time: 277.89s, train loss: 12448.0254]
30 Dec 13:34    INFO epoch 7 evaluating [time: 2.12s, valid_score: 0.024800]
30 Dec 13:34    INFO valid result: 
recall@10 : 0.0746    mrr@10 : 0.0248    ndcg@10 : 0.0364    hit@10 : 0.0746    precision@10 : 0.0075    
30 Dec 13:38    INFO epoch 8 training [time: 277.79s, train loss: 12375.7964]
30 Dec 13:38    INFO epoch 8 evaluating [time: 1.91s, valid_score: 0.026200]
30 Dec 13:38    INFO valid result: 
recall@10 : 0.0761    mrr@10 : 0.0262    ndcg@10 : 0.0378    hit@10 : 0.0761    precision@10 : 0.0076    
30 Dec 13:38    INFO Saving current best: saved/LightSANs-Dec-30-2021_12-56-44.pth
30 Dec 13:43    INFO epoch 9 training [time: 277.73s, train loss: 12312.6034]
30 Dec 13:43    INFO epoch 9 evaluating [time: 1.93s, valid_score: 0.027100]
30 Dec 13:43    INFO valid result: 
recall@10 : 0.0815    mrr@10 : 0.0271    ndcg@10 : 0.0397    hit@10 : 0.0815    precision@10 : 0.0081    
30 Dec 13:43    INFO Saving current best: saved/LightSANs-Dec-30-2021_12-56-44.pth
30 Dec 13:47    INFO epoch 10 training [time: 277.11s, train loss: 12258.9750]
30 Dec 13:48    INFO epoch 10 evaluating [time: 1.91s, valid_score: 0.028500]
30 Dec 13:48    INFO valid result: 
recall@10 : 0.0816    mrr@10 : 0.0285    ndcg@10 : 0.0408    hit@10 : 0.0816    precision@10 : 0.0082    
30 Dec 13:48    INFO Saving current best: saved/LightSANs-Dec-30-2021_12-56-44.pth
30 Dec 13:52    INFO epoch 11 training [time: 277.46s, train loss: 12219.4093]
30 Dec 13:52    INFO epoch 11 evaluating [time: 1.91s, valid_score: 0.028300]
30 Dec 13:52    INFO valid result: 
recall@10 : 0.0829    mrr@10 : 0.0283    ndcg@10 : 0.0409    hit@10 : 0.0829    precision@10 : 0.0083    
30 Dec 13:57    INFO epoch 12 training [time: 276.63s, train loss: 12180.2096]
30 Dec 13:57    INFO epoch 12 evaluating [time: 1.91s, valid_score: 0.029800]
30 Dec 13:57    INFO valid result: 
recall@10 : 0.0854    mrr@10 : 0.0298    ndcg@10 : 0.0427    hit@10 : 0.0854    precision@10 : 0.0085    
30 Dec 13:57    INFO Saving current best: saved/LightSANs-Dec-30-2021_12-56-44.pth
30 Dec 14:01    INFO epoch 13 training [time: 276.97s, train loss: 12147.6669]
30 Dec 14:01    INFO epoch 13 evaluating [time: 1.91s, valid_score: 0.028900]
30 Dec 14:01    INFO valid result: 
recall@10 : 0.0844    mrr@10 : 0.0289    ndcg@10 : 0.0417    hit@10 : 0.0844    precision@10 : 0.0084    
30 Dec 14:06    INFO epoch 14 training [time: 276.85s, train loss: 12115.1328]
30 Dec 14:06    INFO epoch 14 evaluating [time: 1.92s, valid_score: 0.028700]
30 Dec 14:06    INFO valid result: 
recall@10 : 0.0847    mrr@10 : 0.0287    ndcg@10 : 0.0417    hit@10 : 0.0847    precision@10 : 0.0085    
30 Dec 14:11    INFO epoch 15 training [time: 277.32s, train loss: 12090.8920]
30 Dec 14:11    INFO epoch 15 evaluating [time: 1.91s, valid_score: 0.028800]
30 Dec 14:11    INFO valid result: 
recall@10 : 0.0832    mrr@10 : 0.0288    ndcg@10 : 0.0414    hit@10 : 0.0832    precision@10 : 0.0083    
30 Dec 14:15    INFO epoch 16 training [time: 277.84s, train loss: 12068.2794]
30 Dec 14:15    INFO epoch 16 evaluating [time: 1.92s, valid_score: 0.029100]
30 Dec 14:15    INFO valid result: 
recall@10 : 0.0861    mrr@10 : 0.0291    ndcg@10 : 0.0423    hit@10 : 0.0861    precision@10 : 0.0086    
30 Dec 14:20    INFO epoch 17 training [time: 277.87s, train loss: 12048.3507]
30 Dec 14:20    INFO epoch 17 evaluating [time: 1.92s, valid_score: 0.029500]
30 Dec 14:20    INFO valid result: 
recall@10 : 0.0869    mrr@10 : 0.0295    ndcg@10 : 0.0428    hit@10 : 0.0869    precision@10 : 0.0087    
30 Dec 14:25    INFO epoch 18 training [time: 277.78s, train loss: 12025.4908]
30 Dec 14:25    INFO epoch 18 evaluating [time: 1.93s, valid_score: 0.030300]
30 Dec 14:25    INFO valid result: 
recall@10 : 0.0894    mrr@10 : 0.0303    ndcg@10 : 0.0440    hit@10 : 0.0894    precision@10 : 0.0089    
30 Dec 14:25    INFO Saving current best: saved/LightSANs-Dec-30-2021_12-56-44.pth
30 Dec 14:29    INFO epoch 19 training [time: 277.93s, train loss: 12010.0161]
30 Dec 14:29    INFO epoch 19 evaluating [time: 1.93s, valid_score: 0.030800]
30 Dec 14:29    INFO valid result: 
recall@10 : 0.0908    mrr@10 : 0.0308    ndcg@10 : 0.0447    hit@10 : 0.0908    precision@10 : 0.0091    
30 Dec 14:29    INFO Saving current best: saved/LightSANs-Dec-30-2021_12-56-44.pth
30 Dec 14:34    INFO epoch 20 training [time: 278.18s, train loss: 11991.0297]
30 Dec 14:34    INFO epoch 20 evaluating [time: 1.93s, valid_score: 0.029800]
30 Dec 14:34    INFO valid result: 
recall@10 : 0.0905    mrr@10 : 0.0298    ndcg@10 : 0.0439    hit@10 : 0.0905    precision@10 : 0.0091    
30 Dec 14:39    INFO epoch 21 training [time: 278.19s, train loss: 11977.5788]
30 Dec 14:39    INFO epoch 21 evaluating [time: 1.92s, valid_score: 0.032100]
30 Dec 14:39    INFO valid result: 
recall@10 : 0.0932    mrr@10 : 0.0321    ndcg@10 : 0.0463    hit@10 : 0.0932    precision@10 : 0.0093    
30 Dec 14:39    INFO Saving current best: saved/LightSANs-Dec-30-2021_12-56-44.pth
30 Dec 14:43    INFO epoch 22 training [time: 277.84s, train loss: 11963.5444]
30 Dec 14:43    INFO epoch 22 evaluating [time: 1.92s, valid_score: 0.028900]
30 Dec 14:43    INFO valid result: 
recall@10 : 0.0885    mrr@10 : 0.0289    ndcg@10 : 0.0427    hit@10 : 0.0885    precision@10 : 0.0089    
30 Dec 14:48    INFO epoch 23 training [time: 278.80s, train loss: 11949.5622]
30 Dec 14:48    INFO epoch 23 evaluating [time: 1.92s, valid_score: 0.031200]
30 Dec 14:48    INFO valid result: 
recall@10 : 0.0930    mrr@10 : 0.0312    ndcg@10 : 0.0455    hit@10 : 0.0930    precision@10 : 0.0093    
30 Dec 14:53    INFO epoch 24 training [time: 276.91s, train loss: 11938.0200]
30 Dec 14:53    INFO epoch 24 evaluating [time: 1.92s, valid_score: 0.030200]
30 Dec 14:53    INFO valid result: 
recall@10 : 0.0930    mrr@10 : 0.0302    ndcg@10 : 0.0447    hit@10 : 0.0930    precision@10 : 0.0093    
30 Dec 14:57    INFO epoch 25 training [time: 275.83s, train loss: 11926.3615]
30 Dec 14:57    INFO epoch 25 evaluating [time: 1.93s, valid_score: 0.029700]
30 Dec 14:57    INFO valid result: 
recall@10 : 0.0886    mrr@10 : 0.0297    ndcg@10 : 0.0434    hit@10 : 0.0886    precision@10 : 0.0089    
30 Dec 15:02    INFO epoch 26 training [time: 277.02s, train loss: 11915.3042]
30 Dec 15:02    INFO epoch 26 evaluating [time: 1.91s, valid_score: 0.030800]
30 Dec 15:02    INFO valid result: 
recall@10 : 0.0931    mrr@10 : 0.0308    ndcg@10 : 0.0452    hit@10 : 0.0931    precision@10 : 0.0093    
30 Dec 15:07    INFO epoch 27 training [time: 277.29s, train loss: 11907.3613]
30 Dec 15:07    INFO epoch 27 evaluating [time: 1.92s, valid_score: 0.030800]
30 Dec 15:07    INFO valid result: 
recall@10 : 0.0922    mrr@10 : 0.0308    ndcg@10 : 0.0451    hit@10 : 0.0922    precision@10 : 0.0092    
30 Dec 15:11    INFO epoch 28 training [time: 277.23s, train loss: 11896.0360]
30 Dec 15:11    INFO epoch 28 evaluating [time: 1.91s, valid_score: 0.031500]
30 Dec 15:11    INFO valid result: 
recall@10 : 0.0943    mrr@10 : 0.0315    ndcg@10 : 0.0461    hit@10 : 0.0943    precision@10 : 0.0094    
30 Dec 15:16    INFO epoch 29 training [time: 276.63s, train loss: 11887.3298]
30 Dec 15:16    INFO epoch 29 evaluating [time: 1.91s, valid_score: 0.031500]
30 Dec 15:16    INFO valid result: 
recall@10 : 0.0932    mrr@10 : 0.0315    ndcg@10 : 0.0458    hit@10 : 0.0932    precision@10 : 0.0093    
30 Dec 15:21    INFO epoch 30 training [time: 276.01s, train loss: 11880.5290]
30 Dec 15:21    INFO epoch 30 evaluating [time: 1.92s, valid_score: 0.032400]
30 Dec 15:21    INFO valid result: 
recall@10 : 0.0976    mrr@10 : 0.0324    ndcg@10 : 0.0476    hit@10 : 0.0976    precision@10 : 0.0098    
30 Dec 15:21    INFO Saving current best: saved/LightSANs-Dec-30-2021_12-56-44.pth
30 Dec 15:25    INFO epoch 31 training [time: 276.15s, train loss: 11873.1543]
30 Dec 15:25    INFO epoch 31 evaluating [time: 2.09s, valid_score: 0.032100]
30 Dec 15:25    INFO valid result: 
recall@10 : 0.0950    mrr@10 : 0.0321    ndcg@10 : 0.0467    hit@10 : 0.0950    precision@10 : 0.0095    
30 Dec 15:30    INFO epoch 32 training [time: 275.92s, train loss: 11864.6395]
30 Dec 15:30    INFO epoch 32 evaluating [time: 1.92s, valid_score: 0.031700]
30 Dec 15:30    INFO valid result: 
recall@10 : 0.0949    mrr@10 : 0.0317    ndcg@10 : 0.0464    hit@10 : 0.0949    precision@10 : 0.0095    
30 Dec 15:34    INFO epoch 33 training [time: 276.35s, train loss: 11858.9934]
30 Dec 15:35    INFO epoch 33 evaluating [time: 1.92s, valid_score: 0.030700]
30 Dec 15:35    INFO valid result: 
recall@10 : 0.0938    mrr@10 : 0.0307    ndcg@10 : 0.0454    hit@10 : 0.0938    precision@10 : 0.0094    
30 Dec 15:39    INFO epoch 34 training [time: 276.16s, train loss: 11852.1288]
30 Dec 15:39    INFO epoch 34 evaluating [time: 1.92s, valid_score: 0.030500]
30 Dec 15:39    INFO valid result: 
recall@10 : 0.0905    mrr@10 : 0.0305    ndcg@10 : 0.0444    hit@10 : 0.0905    precision@10 : 0.0090    
30 Dec 15:44    INFO epoch 35 training [time: 276.19s, train loss: 11846.3773]
30 Dec 15:44    INFO epoch 35 evaluating [time: 1.91s, valid_score: 0.028800]
30 Dec 15:44    INFO valid result: 
recall@10 : 0.0889    mrr@10 : 0.0288    ndcg@10 : 0.0427    hit@10 : 0.0889    precision@10 : 0.0089    
30 Dec 15:48    INFO epoch 36 training [time: 276.28s, train loss: 11836.6258]
30 Dec 15:48    INFO epoch 36 evaluating [time: 1.91s, valid_score: 0.030600]
30 Dec 15:48    INFO valid result: 
recall@10 : 0.0928    mrr@10 : 0.0306    ndcg@10 : 0.0450    hit@10 : 0.0928    precision@10 : 0.0093    
30 Dec 15:53    INFO epoch 37 training [time: 274.96s, train loss: 11829.3137]
30 Dec 15:53    INFO epoch 37 evaluating [time: 1.91s, valid_score: 0.030500]
30 Dec 15:53    INFO valid result: 
recall@10 : 0.0937    mrr@10 : 0.0305    ndcg@10 : 0.0452    hit@10 : 0.0937    precision@10 : 0.0094    
30 Dec 15:58    INFO epoch 38 training [time: 275.35s, train loss: 11825.5749]
30 Dec 15:58    INFO epoch 38 evaluating [time: 1.90s, valid_score: 0.033600]
30 Dec 15:58    INFO valid result: 
recall@10 : 0.0965    mrr@10 : 0.0336    ndcg@10 : 0.0483    hit@10 : 0.0965    precision@10 : 0.0096    
30 Dec 15:58    INFO Saving current best: saved/LightSANs-Dec-30-2021_12-56-44.pth
30 Dec 16:02    INFO epoch 39 training [time: 275.18s, train loss: 11822.9239]
30 Dec 16:02    INFO epoch 39 evaluating [time: 1.91s, valid_score: 0.032600]
30 Dec 16:02    INFO valid result: 
recall@10 : 0.0974    mrr@10 : 0.0326    ndcg@10 : 0.0476    hit@10 : 0.0974    precision@10 : 0.0097    
30 Dec 16:07    INFO epoch 40 training [time: 274.84s, train loss: 11812.8888]
30 Dec 16:07    INFO epoch 40 evaluating [time: 1.91s, valid_score: 0.032400]
30 Dec 16:07    INFO valid result: 
recall@10 : 0.0950    mrr@10 : 0.0324    ndcg@10 : 0.0469    hit@10 : 0.0950    precision@10 : 0.0095    
30 Dec 16:11    INFO epoch 41 training [time: 275.25s, train loss: 11807.5133]
30 Dec 16:12    INFO epoch 41 evaluating [time: 1.90s, valid_score: 0.031300]
30 Dec 16:12    INFO valid result: 
recall@10 : 0.0963    mrr@10 : 0.0313    ndcg@10 : 0.0464    hit@10 : 0.0963    precision@10 : 0.0096    
30 Dec 16:16    INFO epoch 42 training [time: 274.79s, train loss: 11806.9347]
30 Dec 16:16    INFO epoch 42 evaluating [time: 1.90s, valid_score: 0.031400]
30 Dec 16:16    INFO valid result: 
recall@10 : 0.0945    mrr@10 : 0.0314    ndcg@10 : 0.0460    hit@10 : 0.0945    precision@10 : 0.0095    
30 Dec 16:21    INFO epoch 43 training [time: 275.18s, train loss: 11800.6420]
30 Dec 16:21    INFO epoch 43 evaluating [time: 1.91s, valid_score: 0.032000]
30 Dec 16:21    INFO valid result: 
recall@10 : 0.0962    mrr@10 : 0.0320    ndcg@10 : 0.0469    hit@10 : 0.0962    precision@10 : 0.0096    
30 Dec 16:25    INFO epoch 44 training [time: 275.21s, train loss: 11795.4684]
30 Dec 16:25    INFO epoch 44 evaluating [time: 1.91s, valid_score: 0.032000]
30 Dec 16:25    INFO valid result: 
recall@10 : 0.0960    mrr@10 : 0.0320    ndcg@10 : 0.0469    hit@10 : 0.0960    precision@10 : 0.0096    
30 Dec 16:30    INFO epoch 45 training [time: 274.68s, train loss: 11790.7487]
30 Dec 16:30    INFO epoch 45 evaluating [time: 1.90s, valid_score: 0.033200]
30 Dec 16:30    INFO valid result: 
recall@10 : 0.0974    mrr@10 : 0.0332    ndcg@10 : 0.0480    hit@10 : 0.0974    precision@10 : 0.0097    
30 Dec 16:35    INFO epoch 46 training [time: 275.52s, train loss: 11786.3689]
30 Dec 16:35    INFO epoch 46 evaluating [time: 1.91s, valid_score: 0.033000]
30 Dec 16:35    INFO valid result: 
recall@10 : 0.0964    mrr@10 : 0.0330    ndcg@10 : 0.0477    hit@10 : 0.0964    precision@10 : 0.0096    
30 Dec 16:39    INFO epoch 47 training [time: 275.09s, train loss: 11779.0707]
30 Dec 16:39    INFO epoch 47 evaluating [time: 1.90s, valid_score: 0.031800]
30 Dec 16:39    INFO valid result: 
recall@10 : 0.0963    mrr@10 : 0.0318    ndcg@10 : 0.0468    hit@10 : 0.0963    precision@10 : 0.0096    
30 Dec 16:44    INFO epoch 48 training [time: 274.80s, train loss: 11779.2261]
30 Dec 16:44    INFO epoch 48 evaluating [time: 1.91s, valid_score: 0.032600]
30 Dec 16:44    INFO valid result: 
recall@10 : 0.0971    mrr@10 : 0.0326    ndcg@10 : 0.0476    hit@10 : 0.0971    precision@10 : 0.0097    
30 Dec 16:48    INFO epoch 49 training [time: 275.21s, train loss: 11775.8172]
30 Dec 16:48    INFO epoch 49 evaluating [time: 1.91s, valid_score: 0.032500]
30 Dec 16:48    INFO valid result: 
recall@10 : 0.0976    mrr@10 : 0.0325    ndcg@10 : 0.0476    hit@10 : 0.0976    precision@10 : 0.0098    
30 Dec 16:48    INFO Finished training, best eval result in epoch 38
30 Dec 16:48    INFO Loading model structure and parameters from saved/LightSANs-Dec-30-2021_12-56-44.pth
30 Dec 16:48    INFO best valid result: {'recall@10': 0.0965, 'mrr@10': 0.0336, 'ndcg@10': 0.0483, 'hit@10': 0.0965, 'precision@10': 0.0096}
30 Dec 16:48    INFO test result: {'recall@10': 0.0817, 'mrr@10': 0.0284, 'ndcg@10': 0.0407, 'hit@10': 0.0817, 'precision@10': 0.0082}
30 Dec 16:48    INFO total training and evaluating time: 13934.671964883804
30 Dec 16:48    INFO avg time of training an epoch: 276.5946423959732
30 Dec 16:48    INFO inference time: 1.9094691276550293
